2022-12-13 02:54:55 [main] INFO  c.e.p.ProductCategoryServiceApplication - Starting ProductCategoryServiceApplication using Java 11.0.17 on DESKTOP-HRIF8KM with PID 21732 (C:\Users\DELL\IdeaProjects\product_category_service\target\classes started by DELL in C:\Users\DELL\IdeaProjects\product_category_service)
2022-12-13 02:54:55 [main] INFO  c.e.p.ProductCategoryServiceApplication - No active profile set, falling back to 1 default profile: "default"
2022-12-13 02:54:55 [main] INFO  o.s.d.r.c.RepositoryConfigurationDelegate - Bootstrapping Spring Data JPA repositories in DEFAULT mode.
2022-12-13 02:54:55 [main] INFO  o.s.d.r.c.RepositoryConfigurationDelegate - Finished Spring Data repository scanning in 65 ms. Found 3 JPA repository interfaces.
2022-12-13 02:54:56 [main] INFO  o.s.b.w.e.tomcat.TomcatWebServer - Tomcat initialized with port(s): 8080 (http)
2022-12-13 02:54:56 [main] INFO  o.a.catalina.core.StandardService - Starting service [Tomcat]
2022-12-13 02:54:56 [main] INFO  o.a.catalina.core.StandardEngine - Starting Servlet engine: [Apache Tomcat/9.0.65]
2022-12-13 02:54:56 [main] INFO  o.a.c.c.C.[Tomcat].[localhost].[/] - Initializing Spring embedded WebApplicationContext
2022-12-13 02:54:56 [main] INFO  o.s.b.w.s.c.ServletWebServerApplicationContext - Root WebApplicationContext: initialization completed in 1632 ms
2022-12-13 02:54:56 [main] INFO  com.zaxxer.hikari.HikariDataSource - HikariPool-1 - Starting...
2022-12-13 02:54:57 [main] INFO  com.zaxxer.hikari.HikariDataSource - HikariPool-1 - Start completed.
2022-12-13 02:54:57 [main] INFO  o.h.jpa.internal.util.LogHelper - HHH000204: Processing PersistenceUnitInfo [name: default]
2022-12-13 02:54:57 [main] INFO  org.hibernate.Version - HHH000412: Hibernate ORM core version 5.6.11.Final
2022-12-13 02:54:57 [main] INFO  o.h.annotations.common.Version - HCANN000001: Hibernate Commons Annotations {5.1.2.Final}
2022-12-13 02:54:57 [main] INFO  org.hibernate.dialect.Dialect - HHH000400: Using dialect: org.hibernate.dialect.MySQL8Dialect
2022-12-13 02:54:58 [main] INFO  o.h.e.t.j.p.i.JtaPlatformInitiator - HHH000490: Using JtaPlatform implementation: [org.hibernate.engine.transaction.jta.platform.internal.NoJtaPlatform]
2022-12-13 02:54:58 [main] INFO  o.s.o.j.LocalContainerEntityManagerFactoryBean - Initialized JPA EntityManagerFactory for persistence unit 'default'
2022-12-13 02:54:58 [main] WARN  o.s.b.a.o.j.JpaBaseConfiguration$JpaWebConfiguration - spring.jpa.open-in-view is enabled by default. Therefore, database queries may be performed during view rendering. Explicitly configure spring.jpa.open-in-view to disable this warning
2022-12-13 02:54:59 [main] INFO  o.s.s.web.DefaultSecurityFilterChain - Will secure any request with [org.springframework.security.web.session.DisableEncodeUrlFilter@341141ab, org.springframework.security.web.context.request.async.WebAsyncManagerIntegrationFilter@1773faf8, org.springframework.security.web.context.SecurityContextPersistenceFilter@22a8e87b, org.springframework.security.web.header.HeaderWriterFilter@1db565f2, org.springframework.security.web.authentication.logout.LogoutFilter@28ffa527, com.example.product_category_service.security.JwtAuthenticationTokenFilter@1631dbbc, org.springframework.security.web.authentication.www.BasicAuthenticationFilter@238c63df, org.springframework.security.web.savedrequest.RequestCacheAwareFilter@6bed434d, org.springframework.security.web.servletapi.SecurityContextHolderAwareRequestFilter@4bd39edc, org.springframework.security.web.authentication.AnonymousAuthenticationFilter@3ef4a8fb, org.springframework.security.web.session.SessionManagementFilter@2ae07dbd, org.springframework.security.web.access.ExceptionTranslationFilter@499445d2, org.springframework.security.web.access.intercept.FilterSecurityInterceptor@69e8f7a5]
2022-12-13 02:54:59 [main] WARN  o.s.b.w.s.c.AnnotationConfigServletWebServerApplicationContext - Exception encountered during context initialization - cancelling refresh attempt: org.springframework.context.ApplicationContextException: Failed to start bean 'webServerStartStop'; nested exception is org.springframework.boot.web.server.PortInUseException: Port 8080 is already in use
2022-12-13 02:54:59 [main] INFO  o.s.o.j.LocalContainerEntityManagerFactoryBean - Closing JPA EntityManagerFactory for persistence unit 'default'
2022-12-13 02:54:59 [main] INFO  com.zaxxer.hikari.HikariDataSource - HikariPool-1 - Shutdown initiated...
2022-12-13 02:54:59 [main] INFO  com.zaxxer.hikari.HikariDataSource - HikariPool-1 - Shutdown completed.
2022-12-13 02:54:59 [main] INFO  o.a.catalina.core.StandardService - Stopping service [Tomcat]
2022-12-13 02:54:59 [main] INFO  o.s.b.a.l.ConditionEvaluationReportLoggingListener - 

Error starting ApplicationContext. To display the conditions report re-run your application with 'debug' enabled.
2022-12-13 02:54:59 [main] ERROR o.s.b.d.LoggingFailureAnalysisReporter - 

***************************
APPLICATION FAILED TO START
***************************

Description:

Web server failed to start. Port 8080 was already in use.

Action:

Identify and stop the process that's listening on port 8080 or configure this application to listen on another port.

